2025-09-15 12:02:55 - INFO - api.db_manager:39 - Database tables created/checked
2025-09-15 12:03:41 - INFO - api.db_manager:39 - Database tables created/checked
2025-09-15 12:04:04 - INFO - api.db_manager:39 - Database tables created/checked
2025-09-15 12:04:38 - INFO - api.db_manager:39 - Database tables created/checked
2025-09-15 12:06:32 - INFO - api.db_manager:39 - Database tables created/checked
2025-09-15 12:07:25 - INFO - api.db_manager:39 - Database tables created/checked
2025-09-15 12:07:26 - INFO - knowledge.kb_manager:43 - KnowledgeBaseManager initialized
2025-09-15 12:08:24 - INFO - api.db_manager:39 - Database tables created/checked
2025-09-15 12:08:25 - INFO - knowledge.kb_manager:43 - KnowledgeBaseManager initialized
2025-09-15 12:09:03 - INFO - api.db_manager:39 - Database tables created/checked
2025-09-15 12:09:05 - INFO - knowledge.kb_manager:43 - KnowledgeBaseManager initialized
2025-09-15 12:09:05 - DEBUG - knowledge.graphbase:661 - 图数据库信息文件不存在：./data/knowledge_graph/neo4j/graph_info.json
2025-09-15 12:09:05 - DEBUG - knowledge.graphbase:31 - 创建新的图数据库配置
2025-09-15 12:09:05 - INFO - knowledge.graphbase:39 - Connecting to Neo4j: bolt://localhost:10105/neo4j
2025-09-15 12:09:06 - INFO - knowledge.graphbase:43 - Connected to Neo4j: {'graph_name': 'neo4j', 'entity_count': 0, 'relationship_count': 0, 'triples_count': 0, 'labels': [], 'status': 'open', 'embed_model_name': 'siliconflow/BAAI/bge-m3', 'unindexed_node_count': [], 'last_updated': '2025-09-15T12:09:06.315725'}
2025-09-15 12:10:01 - INFO - api.db_manager:39 - Database tables created/checked
2025-09-15 12:10:02 - INFO - knowledge.kb_manager:43 - KnowledgeBaseManager initialized
2025-09-15 12:10:02 - INFO - knowledge.graphbase:674 - 已加载图数据库信息，最后更新时间：2025-09-15T12:09:06.347825
2025-09-15 12:10:02 - INFO - knowledge.graphbase:39 - Connecting to Neo4j: bolt://localhost:10105/neo4j
2025-09-15 12:10:02 - INFO - knowledge.graphbase:43 - Connected to Neo4j: {'graph_name': 'neo4j', 'entity_count': 0, 'relationship_count': 0, 'triples_count': 0, 'labels': [], 'status': 'open', 'embed_model_name': 'siliconflow/BAAI/bge-m3', 'unindexed_node_count': [], 'last_updated': '2025-09-15T12:10:02.451803'}
2025-09-15 12:11:11 - INFO - api.db_manager:39 - Database tables created/checked
2025-09-15 12:11:12 - INFO - knowledge.kb_manager:43 - KnowledgeBaseManager initialized
2025-09-15 12:11:12 - INFO - knowledge.graphbase:674 - 已加载图数据库信息，最后更新时间：2025-09-15T12:10:02.481814
2025-09-15 12:11:12 - INFO - knowledge.graphbase:39 - Connecting to Neo4j: bolt://localhost:10105/neo4j
2025-09-15 12:11:12 - INFO - knowledge.graphbase:43 - Connected to Neo4j: {'graph_name': 'neo4j', 'entity_count': 0, 'relationship_count': 0, 'triples_count': 0, 'labels': [], 'status': 'open', 'embed_model_name': 'siliconflow/BAAI/bge-m3', 'unindexed_node_count': [], 'last_updated': '2025-09-15T12:11:12.759918'}
2025-09-15 12:11:13 - INFO - main:31 - 应用启动中...
2025-09-15 12:12:02 - INFO - api.db_manager:39 - Database tables created/checked
2025-09-15 12:12:03 - INFO - knowledge.kb_manager:43 - KnowledgeBaseManager initialized
2025-09-15 12:12:03 - INFO - knowledge.graphbase:674 - 已加载图数据库信息，最后更新时间：2025-09-15T12:11:12.791144
2025-09-15 12:12:03 - INFO - knowledge.graphbase:39 - Connecting to Neo4j: bolt://localhost:10105/neo4j
2025-09-15 12:12:04 - INFO - knowledge.graphbase:43 - Connected to Neo4j: {'graph_name': 'neo4j', 'entity_count': 0, 'relationship_count': 0, 'triples_count': 0, 'labels': [], 'status': 'open', 'embed_model_name': 'siliconflow/BAAI/bge-m3', 'unindexed_node_count': [], 'last_updated': '2025-09-15T12:12:04.033542'}
2025-09-15 12:12:04 - INFO - main:31 - 应用启动中...
2025-09-15 12:12:04 - INFO - knowledge.kb_manager:43 - KnowledgeBaseManager initialized
2025-09-15 12:12:04 - INFO - core.kb_service:32 - 知识库服务初始化完成
2025-09-15 12:12:04 - INFO - core.kb_service:274 - 知识库服务清理完成
2025-09-15 12:12:53 - INFO - api.db_manager:39 - Database tables created/checked
2025-09-15 12:12:54 - INFO - knowledge.kb_manager:43 - KnowledgeBaseManager initialized
2025-09-15 12:12:54 - INFO - knowledge.graphbase:674 - 已加载图数据库信息，最后更新时间：2025-09-15T12:12:04.066451
2025-09-15 12:12:54 - INFO - knowledge.graphbase:39 - Connecting to Neo4j: bolt://localhost:10105/neo4j
2025-09-15 12:12:55 - INFO - knowledge.graphbase:43 - Connected to Neo4j: {'graph_name': 'neo4j', 'entity_count': 0, 'relationship_count': 0, 'triples_count': 0, 'labels': [], 'status': 'open', 'embed_model_name': 'siliconflow/BAAI/bge-m3', 'unindexed_node_count': [], 'last_updated': '2025-09-15T12:12:55.017847'}
2025-09-15 12:12:55 - INFO - main:31 - 应用启动中...
2025-09-15 12:12:55 - INFO - knowledge.kb_manager:43 - KnowledgeBaseManager initialized
2025-09-15 12:12:55 - INFO - core.kb_service:32 - 知识库服务初始化完成
2025-09-15 12:12:55 - INFO - core.kb_service:274 - 知识库服务清理完成
2025-09-15 12:14:14 - INFO - api.db_manager:39 - Database tables created/checked
2025-09-15 12:14:15 - INFO - knowledge.kb_manager:43 - KnowledgeBaseManager initialized
2025-09-15 12:14:15 - INFO - knowledge.graphbase:674 - 已加载图数据库信息，最后更新时间：2025-09-15T12:12:55.052276
2025-09-15 12:14:15 - INFO - knowledge.graphbase:39 - Connecting to Neo4j: bolt://localhost:10105/neo4j
2025-09-15 12:14:15 - INFO - knowledge.graphbase:43 - Connected to Neo4j: {'graph_name': 'neo4j', 'entity_count': 0, 'relationship_count': 0, 'triples_count': 0, 'labels': [], 'status': 'open', 'embed_model_name': 'siliconflow/BAAI/bge-m3', 'unindexed_node_count': [], 'last_updated': '2025-09-15T12:14:15.813140'}
2025-09-15 12:14:16 - INFO - main:31 - 应用启动中...
2025-09-15 12:14:16 - INFO - knowledge.kb_manager:43 - KnowledgeBaseManager initialized
2025-09-15 12:14:16 - INFO - core.kb_service:32 - 知识库服务初始化完成
2025-09-15 12:14:16 - INFO - core.kb_service:274 - 知识库服务清理完成
2025-09-15 12:14:37 - INFO - api.db_manager:39 - Database tables created/checked
2025-09-15 12:14:38 - INFO - knowledge.kb_manager:43 - KnowledgeBaseManager initialized
2025-09-15 12:14:38 - INFO - knowledge.graphbase:674 - 已加载图数据库信息，最后更新时间：2025-09-15T12:14:15.843074
2025-09-15 12:14:38 - INFO - knowledge.graphbase:39 - Connecting to Neo4j: bolt://localhost:10105/neo4j
2025-09-15 12:14:38 - INFO - knowledge.graphbase:43 - Connected to Neo4j: {'graph_name': 'neo4j', 'entity_count': 0, 'relationship_count': 0, 'triples_count': 0, 'labels': [], 'status': 'open', 'embed_model_name': 'siliconflow/BAAI/bge-m3', 'unindexed_node_count': [], 'last_updated': '2025-09-15T12:14:38.782603'}
2025-09-15 12:14:39 - INFO - main:31 - 应用启动中...
2025-09-15 12:14:39 - INFO - knowledge.kb_manager:43 - KnowledgeBaseManager initialized
2025-09-15 12:14:39 - INFO - core.kb_service:32 - 知识库服务初始化完成
2025-09-15 12:14:39 - INFO - core.kb_service:274 - 知识库服务清理完成
2025-09-15 12:16:01 - INFO - api.db_manager:39 - Database tables created/checked
2025-09-15 12:16:02 - INFO - knowledge.kb_manager:43 - KnowledgeBaseManager initialized
2025-09-15 12:16:02 - INFO - knowledge.graphbase:674 - 已加载图数据库信息，最后更新时间：2025-09-15T12:14:38.817903
2025-09-15 12:16:02 - INFO - knowledge.graphbase:39 - Connecting to Neo4j: bolt://localhost:10105/neo4j
2025-09-15 12:16:02 - INFO - knowledge.graphbase:43 - Connected to Neo4j: {'graph_name': 'neo4j', 'entity_count': 0, 'relationship_count': 0, 'triples_count': 0, 'labels': [], 'status': 'open', 'embed_model_name': 'siliconflow/BAAI/bge-m3', 'unindexed_node_count': [], 'last_updated': '2025-09-15T12:16:02.975275'}
2025-09-15 12:16:03 - INFO - main:31 - 应用启动中...
2025-09-15 12:16:03 - INFO - knowledge.kb_manager:43 - KnowledgeBaseManager initialized
2025-09-15 12:16:03 - INFO - core.kb_service:32 - 知识库服务初始化完成
2025-09-15 12:16:03 - INFO - core.kb_service:274 - 知识库服务清理完成
2025-09-15 12:17:48 - INFO - api.db_manager:39 - Database tables created/checked
2025-09-15 12:17:49 - INFO - knowledge.kb_manager:43 - KnowledgeBaseManager initialized
2025-09-15 12:17:49 - INFO - knowledge.graphbase:674 - 已加载图数据库信息，最后更新时间：2025-09-15T12:16:03.009372
2025-09-15 12:17:49 - INFO - knowledge.graphbase:39 - Connecting to Neo4j: bolt://localhost:10105/neo4j
2025-09-15 12:17:49 - INFO - knowledge.graphbase:43 - Connected to Neo4j: {'graph_name': 'neo4j', 'entity_count': 0, 'relationship_count': 0, 'triples_count': 0, 'labels': [], 'status': 'open', 'embed_model_name': 'siliconflow/BAAI/bge-m3', 'unindexed_node_count': [], 'last_updated': '2025-09-15T12:17:49.349993'}
2025-09-15 12:17:49 - INFO - main:31 - 应用启动中...
2025-09-15 12:17:49 - INFO - knowledge.kb_manager:43 - KnowledgeBaseManager initialized
2025-09-15 12:17:49 - INFO - core.kb_service:32 - 知识库服务初始化完成
2025-09-15 12:17:49 - INFO - core.kb_service:274 - 知识库服务清理完成
2025-09-15 12:18:01 - INFO - api.db_manager:39 - Database tables created/checked
2025-09-15 12:18:02 - INFO - knowledge.kb_manager:43 - KnowledgeBaseManager initialized
2025-09-15 12:18:02 - INFO - knowledge.graphbase:674 - 已加载图数据库信息，最后更新时间：2025-09-15T12:17:49.381260
2025-09-15 12:18:02 - INFO - knowledge.graphbase:39 - Connecting to Neo4j: bolt://localhost:10105/neo4j
2025-09-15 12:18:02 - INFO - knowledge.graphbase:43 - Connected to Neo4j: {'graph_name': 'neo4j', 'entity_count': 0, 'relationship_count': 0, 'triples_count': 0, 'labels': [], 'status': 'open', 'embed_model_name': 'siliconflow/BAAI/bge-m3', 'unindexed_node_count': [], 'last_updated': '2025-09-15T12:18:02.616948'}
2025-09-15 12:18:02 - INFO - main:31 - 应用启动中...
2025-09-15 12:18:02 - INFO - knowledge.kb_manager:43 - KnowledgeBaseManager initialized
2025-09-15 12:18:02 - INFO - core.kb_service:32 - 知识库服务初始化完成
2025-09-15 12:18:03 - INFO - core.kb_service:274 - 知识库服务清理完成
2025-09-15 12:18:26 - INFO - api.db_manager:39 - Database tables created/checked
2025-09-15 12:18:27 - INFO - knowledge.kb_manager:43 - KnowledgeBaseManager initialized
2025-09-15 12:18:27 - INFO - knowledge.graphbase:674 - 已加载图数据库信息，最后更新时间：2025-09-15T12:18:02.647940
2025-09-15 12:18:27 - INFO - knowledge.graphbase:39 - Connecting to Neo4j: bolt://localhost:10105/neo4j
2025-09-15 12:18:27 - INFO - knowledge.graphbase:43 - Connected to Neo4j: {'graph_name': 'neo4j', 'entity_count': 0, 'relationship_count': 0, 'triples_count': 0, 'labels': [], 'status': 'open', 'embed_model_name': 'siliconflow/BAAI/bge-m3', 'unindexed_node_count': [], 'last_updated': '2025-09-15T12:18:27.337267'}
2025-09-15 12:18:27 - INFO - main:31 - 应用启动中...
2025-09-15 12:18:27 - INFO - knowledge.kb_manager:43 - KnowledgeBaseManager initialized
2025-09-15 12:18:27 - INFO - core.kb_service:32 - 知识库服务初始化完成
2025-09-15 12:18:27 - INFO - core.kb_service:274 - 知识库服务清理完成
2025-09-15 12:18:54 - INFO - api.db_manager:39 - Database tables created/checked
2025-09-15 12:18:55 - INFO - knowledge.kb_manager:43 - KnowledgeBaseManager initialized
2025-09-15 12:18:55 - INFO - knowledge.graphbase:674 - 已加载图数据库信息，最后更新时间：2025-09-15T12:18:27.367078
2025-09-15 12:18:55 - INFO - knowledge.graphbase:39 - Connecting to Neo4j: bolt://localhost:10105/neo4j
2025-09-15 12:18:55 - INFO - knowledge.graphbase:43 - Connected to Neo4j: {'graph_name': 'neo4j', 'entity_count': 0, 'relationship_count': 0, 'triples_count': 0, 'labels': [], 'status': 'open', 'embed_model_name': 'siliconflow/BAAI/bge-m3', 'unindexed_node_count': [], 'last_updated': '2025-09-15T12:18:55.437329'}
2025-09-15 12:18:55 - INFO - main:31 - 应用启动中...
2025-09-15 12:18:55 - INFO - knowledge.kb_manager:43 - KnowledgeBaseManager initialized
2025-09-15 12:18:55 - INFO - core.kb_service:32 - 知识库服务初始化完成
2025-09-15 12:18:55 - INFO - core.kb_service:274 - 知识库服务清理完成
2025-09-15 12:18:55 - INFO - main:31 - 应用启动中...
2025-09-15 12:18:55 - INFO - knowledge.kb_manager:43 - KnowledgeBaseManager initialized
2025-09-15 12:18:55 - INFO - core.kb_service:32 - 知识库服务初始化完成
2025-09-15 12:18:56 - INFO - core.kb_service:274 - 知识库服务清理完成
2025-09-15 12:18:56 - INFO - main:31 - 应用启动中...
2025-09-15 12:18:56 - INFO - knowledge.kb_manager:43 - KnowledgeBaseManager initialized
2025-09-15 12:18:56 - INFO - core.kb_service:32 - 知识库服务初始化完成
2025-09-15 12:18:56 - INFO - core.kb_service:274 - 知识库服务清理完成
2025-09-15 12:18:56 - INFO - main:31 - 应用启动中...
2025-09-15 12:18:56 - INFO - knowledge.kb_manager:43 - KnowledgeBaseManager initialized
2025-09-15 12:18:56 - INFO - core.kb_service:32 - 知识库服务初始化完成
2025-09-15 12:18:56 - INFO - core.kb_service:274 - 知识库服务清理完成
2025-09-15 12:18:56 - INFO - main:31 - 应用启动中...
2025-09-15 12:18:56 - INFO - knowledge.kb_manager:43 - KnowledgeBaseManager initialized
2025-09-15 12:18:56 - INFO - core.kb_service:32 - 知识库服务初始化完成
2025-09-15 12:18:56 - INFO - core.kb_service:274 - 知识库服务清理完成
2025-09-15 12:18:56 - INFO - main:31 - 应用启动中...
2025-09-15 12:18:56 - INFO - knowledge.kb_manager:43 - KnowledgeBaseManager initialized
2025-09-15 12:18:56 - INFO - core.kb_service:32 - 知识库服务初始化完成
2025-09-15 12:18:56 - INFO - core.kb_service:274 - 知识库服务清理完成
2025-09-15 12:18:56 - INFO - main:31 - 应用启动中...
2025-09-15 12:18:56 - INFO - knowledge.kb_manager:43 - KnowledgeBaseManager initialized
2025-09-15 12:18:56 - INFO - core.kb_service:32 - 知识库服务初始化完成
2025-09-15 12:18:56 - INFO - core.kb_service:274 - 知识库服务清理完成
2025-09-15 12:18:56 - INFO - main:31 - 应用启动中...
2025-09-15 12:18:56 - INFO - knowledge.kb_manager:43 - KnowledgeBaseManager initialized
2025-09-15 12:18:56 - INFO - core.kb_service:32 - 知识库服务初始化完成
2025-09-15 12:18:56 - INFO - core.kb_service:274 - 知识库服务清理完成
2025-09-15 12:18:56 - INFO - main:31 - 应用启动中...
2025-09-15 12:18:56 - INFO - knowledge.kb_manager:43 - KnowledgeBaseManager initialized
2025-09-15 12:18:56 - INFO - core.kb_service:32 - 知识库服务初始化完成
2025-09-15 12:18:56 - INFO - core.kb_service:274 - 知识库服务清理完成
2025-09-15 12:19:56 - INFO - api.db_manager:39 - Database tables created/checked
2025-09-15 12:19:58 - INFO - knowledge.kb_manager:43 - KnowledgeBaseManager initialized
2025-09-15 12:19:58 - INFO - knowledge.graphbase:674 - 已加载图数据库信息，最后更新时间：2025-09-15T12:18:55.473283
2025-09-15 12:19:58 - INFO - knowledge.graphbase:39 - Connecting to Neo4j: bolt://localhost:10105/neo4j
2025-09-15 12:19:58 - INFO - knowledge.graphbase:43 - Connected to Neo4j: {'graph_name': 'neo4j', 'entity_count': 0, 'relationship_count': 0, 'triples_count': 0, 'labels': [], 'status': 'open', 'embed_model_name': 'siliconflow/BAAI/bge-m3', 'unindexed_node_count': [], 'last_updated': '2025-09-15T12:19:58.108713'}
2025-09-15 12:19:58 - INFO - main:31 - 应用启动中...
2025-09-15 12:19:58 - INFO - knowledge.kb_manager:43 - KnowledgeBaseManager initialized
2025-09-15 12:19:58 - INFO - core.kb_service:32 - 知识库服务初始化完成
2025-09-15 12:19:58 - INFO - core.kb_service:274 - 知识库服务清理完成
2025-09-15 12:19:58 - INFO - main:31 - 应用启动中...
2025-09-15 12:19:58 - INFO - knowledge.kb_manager:43 - KnowledgeBaseManager initialized
2025-09-15 12:19:58 - INFO - core.kb_service:32 - 知识库服务初始化完成
2025-09-15 12:19:58 - INFO - core.kb_service:274 - 知识库服务清理完成
2025-09-15 12:19:58 - INFO - main:31 - 应用启动中...
2025-09-15 12:19:58 - INFO - knowledge.kb_manager:43 - KnowledgeBaseManager initialized
2025-09-15 12:19:58 - INFO - core.kb_service:32 - 知识库服务初始化完成
2025-09-15 12:19:58 - INFO - core.kb_service:274 - 知识库服务清理完成
2025-09-15 12:19:58 - INFO - main:31 - 应用启动中...
2025-09-15 12:19:58 - INFO - knowledge.kb_manager:43 - KnowledgeBaseManager initialized
2025-09-15 12:19:58 - INFO - core.kb_service:32 - 知识库服务初始化完成
2025-09-15 12:19:58 - INFO - core.kb_service:274 - 知识库服务清理完成
2025-09-15 12:19:58 - INFO - main:31 - 应用启动中...
2025-09-15 12:19:58 - INFO - knowledge.kb_manager:43 - KnowledgeBaseManager initialized
2025-09-15 12:19:58 - INFO - core.kb_service:32 - 知识库服务初始化完成
2025-09-15 12:19:59 - INFO - core.kb_service:274 - 知识库服务清理完成
2025-09-15 12:19:59 - INFO - main:31 - 应用启动中...
2025-09-15 12:19:59 - INFO - knowledge.kb_manager:43 - KnowledgeBaseManager initialized
2025-09-15 12:19:59 - INFO - core.kb_service:32 - 知识库服务初始化完成
2025-09-15 12:19:59 - INFO - core.kb_service:274 - 知识库服务清理完成
2025-09-15 12:19:59 - INFO - main:31 - 应用启动中...
2025-09-15 12:19:59 - INFO - knowledge.kb_manager:43 - KnowledgeBaseManager initialized
2025-09-15 12:19:59 - INFO - core.kb_service:32 - 知识库服务初始化完成
2025-09-15 12:19:59 - INFO - core.kb_service:274 - 知识库服务清理完成
2025-09-15 12:19:59 - INFO - main:31 - 应用启动中...
2025-09-15 12:19:59 - INFO - knowledge.kb_manager:43 - KnowledgeBaseManager initialized
2025-09-15 12:19:59 - INFO - core.kb_service:32 - 知识库服务初始化完成
2025-09-15 12:19:59 - INFO - core.kb_service:274 - 知识库服务清理完成
2025-09-15 12:21:34 - INFO - api.db_manager:39 - Database tables created/checked
2025-09-15 12:21:35 - INFO - knowledge.kb_manager:43 - KnowledgeBaseManager initialized
2025-09-15 12:21:35 - INFO - knowledge.graphbase:674 - 已加载图数据库信息，最后更新时间：2025-09-15T12:19:58.139425
2025-09-15 12:21:35 - INFO - knowledge.graphbase:39 - Connecting to Neo4j: bolt://localhost:10105/neo4j
2025-09-15 12:21:35 - INFO - knowledge.graphbase:43 - Connected to Neo4j: {'graph_name': 'neo4j', 'entity_count': 0, 'relationship_count': 0, 'triples_count': 0, 'labels': [], 'status': 'open', 'embed_model_name': 'siliconflow/BAAI/bge-m3', 'unindexed_node_count': [], 'last_updated': '2025-09-15T12:21:35.116149'}
2025-09-15 12:21:35 - INFO - main:31 - 应用启动中...
2025-09-15 12:21:35 - INFO - knowledge.kb_manager:43 - KnowledgeBaseManager initialized
2025-09-15 12:21:35 - INFO - core.kb_service:32 - 知识库服务初始化完成
2025-09-15 12:21:35 - INFO - core.kb_service:274 - 知识库服务清理完成
2025-09-15 12:21:35 - INFO - main:31 - 应用启动中...
2025-09-15 12:21:35 - INFO - knowledge.kb_manager:43 - KnowledgeBaseManager initialized
2025-09-15 12:21:35 - INFO - core.kb_service:32 - 知识库服务初始化完成
2025-09-15 12:21:35 - ERROR - core.exceptions:85 - 未处理异常: (sqlite3.IntegrityError) UNIQUE constraint failed: users.username
[SQL: INSERT INTO users (username, password_hash, role, created_at, last_login) VALUES (?, ?, ?, CURRENT_TIMESTAMP, ?) RETURNING id, created_at]
[parameters: ('superadmin', 'a93ab8cb304c718a3bd2a4a6a4fe387d65e04f8e60b186d465f0743605e4847c:d113badb883579f6a5ab5e6c957148948ac04b46505a4f1cb0aa7738c9b71d7d', 'superadmin', '2025-09-15 12:21:35.563031')]
(Background on this error at: https://sqlalche.me/e/20/gkpj)
2025-09-15 12:21:36 - INFO - core.kb_service:274 - 知识库服务清理完成
2025-09-15 12:21:36 - INFO - main:31 - 应用启动中...
2025-09-15 12:21:36 - INFO - knowledge.kb_manager:43 - KnowledgeBaseManager initialized
2025-09-15 12:21:36 - INFO - core.kb_service:32 - 知识库服务初始化完成
2025-09-15 12:21:36 - INFO - core.kb_service:274 - 知识库服务清理完成
2025-09-15 12:21:36 - INFO - main:31 - 应用启动中...
2025-09-15 12:21:36 - INFO - knowledge.kb_manager:43 - KnowledgeBaseManager initialized
2025-09-15 12:21:36 - INFO - core.kb_service:32 - 知识库服务初始化完成
2025-09-15 12:21:36 - INFO - core.kb_service:274 - 知识库服务清理完成
2025-09-15 12:21:36 - INFO - main:31 - 应用启动中...
2025-09-15 12:21:36 - INFO - knowledge.kb_manager:43 - KnowledgeBaseManager initialized
2025-09-15 12:21:36 - INFO - core.kb_service:32 - 知识库服务初始化完成
2025-09-15 12:21:36 - INFO - core.kb_service:274 - 知识库服务清理完成
2025-09-15 12:21:36 - INFO - main:31 - 应用启动中...
2025-09-15 12:21:36 - INFO - knowledge.kb_manager:43 - KnowledgeBaseManager initialized
2025-09-15 12:21:36 - INFO - core.kb_service:32 - 知识库服务初始化完成
2025-09-15 12:21:36 - INFO - core.kb_service:274 - 知识库服务清理完成
2025-09-15 12:21:36 - INFO - main:31 - 应用启动中...
2025-09-15 12:21:36 - INFO - knowledge.kb_manager:43 - KnowledgeBaseManager initialized
2025-09-15 12:21:36 - INFO - core.kb_service:32 - 知识库服务初始化完成
2025-09-15 12:21:36 - INFO - core.kb_service:274 - 知识库服务清理完成
2025-09-15 12:21:36 - INFO - main:31 - 应用启动中...
2025-09-15 12:21:36 - INFO - knowledge.kb_manager:43 - KnowledgeBaseManager initialized
2025-09-15 12:21:36 - INFO - core.kb_service:32 - 知识库服务初始化完成
2025-09-15 12:21:36 - INFO - core.kb_service:274 - 知识库服务清理完成
2025-09-15 12:21:36 - INFO - main:31 - 应用启动中...
2025-09-15 12:21:36 - INFO - knowledge.kb_manager:43 - KnowledgeBaseManager initialized
2025-09-15 12:21:36 - INFO - core.kb_service:32 - 知识库服务初始化完成
2025-09-15 12:21:36 - INFO - core.kb_service:274 - 知识库服务清理完成
2025-09-15 12:21:36 - INFO - main:31 - 应用启动中...
2025-09-15 12:21:36 - INFO - knowledge.kb_manager:43 - KnowledgeBaseManager initialized
2025-09-15 12:21:36 - INFO - core.kb_service:32 - 知识库服务初始化完成
2025-09-15 12:21:36 - INFO - core.kb_service:274 - 知识库服务清理完成
2025-09-15 12:22:20 - INFO - api.db_manager:39 - Database tables created/checked
2025-09-15 12:22:21 - INFO - knowledge.kb_manager:43 - KnowledgeBaseManager initialized
2025-09-15 12:22:21 - INFO - knowledge.graphbase:674 - 已加载图数据库信息，最后更新时间：2025-09-15T12:21:35.145029
2025-09-15 12:22:21 - INFO - knowledge.graphbase:39 - Connecting to Neo4j: bolt://localhost:10105/neo4j
2025-09-15 12:22:21 - INFO - knowledge.graphbase:43 - Connected to Neo4j: {'graph_name': 'neo4j', 'entity_count': 0, 'relationship_count': 0, 'triples_count': 0, 'labels': [], 'status': 'open', 'embed_model_name': 'siliconflow/BAAI/bge-m3', 'unindexed_node_count': [], 'last_updated': '2025-09-15T12:22:21.831327'}
2025-09-15 12:22:22 - INFO - main:31 - 应用启动中...
2025-09-15 12:22:22 - INFO - knowledge.kb_manager:43 - KnowledgeBaseManager initialized
2025-09-15 12:22:22 - INFO - core.kb_service:32 - 知识库服务初始化完成
2025-09-15 12:22:22 - INFO - core.kb_service:274 - 知识库服务清理完成
2025-09-15 12:22:22 - INFO - main:31 - 应用启动中...
2025-09-15 12:22:22 - INFO - knowledge.kb_manager:43 - KnowledgeBaseManager initialized
2025-09-15 12:22:22 - INFO - core.kb_service:32 - 知识库服务初始化完成
2025-09-15 12:22:22 - ERROR - core.exceptions:85 - 未处理异常: (sqlite3.IntegrityError) UNIQUE constraint failed: users.username
[SQL: INSERT INTO users (username, password_hash, role, created_at, last_login) VALUES (?, ?, ?, CURRENT_TIMESTAMP, ?) RETURNING id, created_at]
[parameters: ('admin_initialize', 'c47591798791d9d3c48f271d4db480b60c5b6d3c6f06f653c7b76d501f4f20f0:06d8b970201b2ba6064cab695b697a24906aeb73511f87575d56aee9168180c8', 'superadmin', '2025-09-15 12:22:22.270742')]
(Background on this error at: https://sqlalche.me/e/20/gkpj)
2025-09-15 12:22:23 - INFO - core.kb_service:274 - 知识库服务清理完成
2025-09-15 12:22:23 - INFO - main:31 - 应用启动中...
2025-09-15 12:22:23 - INFO - knowledge.kb_manager:43 - KnowledgeBaseManager initialized
2025-09-15 12:22:23 - INFO - core.kb_service:32 - 知识库服务初始化完成
2025-09-15 12:22:23 - INFO - core.kb_service:274 - 知识库服务清理完成
2025-09-15 12:22:23 - INFO - main:31 - 应用启动中...
2025-09-15 12:22:23 - INFO - knowledge.kb_manager:43 - KnowledgeBaseManager initialized
2025-09-15 12:22:23 - INFO - core.kb_service:32 - 知识库服务初始化完成
2025-09-15 12:22:23 - INFO - core.kb_service:274 - 知识库服务清理完成
2025-09-15 12:22:23 - INFO - main:31 - 应用启动中...
2025-09-15 12:22:23 - INFO - knowledge.kb_manager:43 - KnowledgeBaseManager initialized
2025-09-15 12:22:23 - INFO - core.kb_service:32 - 知识库服务初始化完成
2025-09-15 12:22:23 - INFO - core.kb_service:274 - 知识库服务清理完成
2025-09-15 12:22:23 - INFO - main:31 - 应用启动中...
2025-09-15 12:22:23 - INFO - knowledge.kb_manager:43 - KnowledgeBaseManager initialized
2025-09-15 12:22:23 - INFO - core.kb_service:32 - 知识库服务初始化完成
2025-09-15 12:22:23 - INFO - core.kb_service:274 - 知识库服务清理完成
2025-09-15 12:22:23 - INFO - main:31 - 应用启动中...
2025-09-15 12:22:23 - INFO - knowledge.kb_manager:43 - KnowledgeBaseManager initialized
2025-09-15 12:22:23 - INFO - core.kb_service:32 - 知识库服务初始化完成
2025-09-15 12:22:23 - INFO - core.kb_service:274 - 知识库服务清理完成
2025-09-15 12:22:23 - INFO - main:31 - 应用启动中...
2025-09-15 12:22:23 - INFO - knowledge.kb_manager:43 - KnowledgeBaseManager initialized
2025-09-15 12:22:23 - INFO - core.kb_service:32 - 知识库服务初始化完成
2025-09-15 12:22:23 - INFO - core.kb_service:274 - 知识库服务清理完成
2025-09-15 12:22:23 - INFO - main:31 - 应用启动中...
2025-09-15 12:22:23 - INFO - knowledge.kb_manager:43 - KnowledgeBaseManager initialized
2025-09-15 12:22:23 - INFO - core.kb_service:32 - 知识库服务初始化完成
2025-09-15 12:22:23 - INFO - core.kb_service:274 - 知识库服务清理完成
2025-09-15 12:22:23 - INFO - main:31 - 应用启动中...
2025-09-15 12:22:23 - INFO - knowledge.kb_manager:43 - KnowledgeBaseManager initialized
2025-09-15 12:22:23 - INFO - core.kb_service:32 - 知识库服务初始化完成
2025-09-15 12:22:23 - INFO - core.kb_service:274 - 知识库服务清理完成
